make.exe all --print-data-base --no-builtin-variables --no-builtin-rules --question
make: *** No rule to make target 'all'.  Stop.

# GNU Make 4.3
# Built for Windows32
# Copyright (C) 1988-2020 Free Software Foundation, Inc.
# License GPLv3+: GNU GPL version 3 or later <http://gnu.org/licenses/gpl.html>
# This is free software: you are free to change and redistribute it.
# There is NO WARRANTY, to the extent permitted by law.

# Make data base, printed on Sun Aug 14 21:30:15 2022

# Variables

# environment
FPS_BROWSER_APP_PROFILE_STRING = Internet Explorer
# environment
SYSTEMDRIVE = C:
# environment
JAVA_HOME = C:\Program Files\Eclipse Adoptium\jdk-17.0.2.8-hotspot
# environment
GHCUP_INSTALL_BASE_PREFIX = D:\
# environment
LC_ALL = C
# environment
USERPROFILE = C:\Users\Sandbox
# environment
VBOX_MSI_INSTALL_PATH = C:\Program Files\Oracle\VirtualBox\
# environment
LOCALAPPDATA = C:\Users\Sandbox\AppData\Local
# environment
VSCODE_CWD = C:\Users\Sandbox\AppData\Local\Programs\Microsoft VS Code
# environment
CHOCOLATEYINSTALL = E:\haskell\
# environment
SYSTEMROOT = C:\WINDOWS
# environment
PROCESSOR_LEVEL = 23
# environment
PSMODULEPATH = C:\Program Files\WindowsPowerShell\Modules;C:\WINDOWS\system32\WindowsPowerShell\v1.0\Modules
# default
MAKE_COMMAND := C:/ProgramData/chocolatey/lib/make/tools/install/bin/make.exe
# automatic
@D = $(patsubst %/,%,$(patsubst %\,%,$(dir $@)))
# environment
LUA_DEV = E:\lua\5.1
# environment
CHROME_CRASHPAD_PIPE_NAME = \\.\pipe\crashpad_18076_DRVVCOIQPVVDXLLB
# environment
FPS_BROWSER_USER_PROFILE_STRING = Default
# environment
VSCODE_HANDLES_UNCAUGHT_ERRORS = true
# default
.VARIABLES := 
# automatic
%D = $(patsubst %/,%,$(patsubst %\,%,$(dir $%)))
# automatic
^D = $(patsubst %/,%,$(patsubst %\,%,$(dir $^)))
# automatic
%F = $(notdir $%)
# environment
VSCODE_CODE_CACHE_PATH = C:\Users\Sandbox\AppData\Roaming\Code\CachedData\6d9b74a70ca9c7733b29f0456fd8195364076dda
# environment
LANG = C
# default
.LOADED := 
# environment
TMP = C:\Users\Sandbox\AppData\Local\Temp
# default
.INCLUDE_DIRS = .
# environment
PROCESSOR_ARCHITEW6432 = AMD64
# makefile
MAKEFLAGS = pqrR
# environment
INTEL_DEV_REDIST = C:\Program Files (x86)\Common Files\Intel\Shared Libraries\
# environment
ONEDRIVE = C:\Users\Sandbox\OneDrive
# makefile
CURDIR := c:/Users/Sandbox/Desktop/stuff/PIO/ESP-8266--Home
# environment
APPLICATION_INSIGHTS_NO_DIAGNOSTIC_CHANNEL = true
# automatic
*D = $(patsubst %/,%,$(patsubst %\,%,$(dir $*)))
# environment
PROGRAMFILES = C:\Program Files (x86)
# environment
MFLAGS = -pqrR
# default
.SHELLFLAGS := -c
# environment
COMMONPROGRAMW6432 = C:\Program Files\Common Files
# automatic
+D = $(patsubst %/,%,$(patsubst %\,%,$(dir $+)))
# makefile
MAKEFILE_LIST := 
# automatic
@F = $(notdir $@)
# environment
VSCODE_PID = 18076
# automatic
?D = $(patsubst %/,%,$(patsubst %\,%,$(dir $?)))
# automatic
*F = $(notdir $*)
# environment
RG_GPU_FRAMEWORK_ENGINE_RESOURCEDIR = C:\Program Files\Red Giant\RGFX
# environment
LUA_PATH = ;;E:\lua\5.1\lua\?.luac
# automatic
<D = $(patsubst %/,%,$(patsubst %\,%,$(dir $<)))
# environment
VSCODE_NLS_CONFIG = {"locale":"en","availableLanguages":{},"_languagePackSupport":true}
# default
MAKE_HOST := Windows32
# environment
PROGRAMDATA = C:\ProgramData
# default
SHELL := E:/tools/msys64/usr/bin/sh.exe
# environment
HOMEPATH = \Users\Sandbox
# environment
PLATFORMIO_CALLER = vscode
# default
MAKECMDGOALS := all
# environment
DRIVERDATA = C:\Windows\System32\Drivers\DriverData
# environment
COMSPEC = C:\WINDOWS\system32\cmd.exe
# environment
WINDIR = C:\WINDOWS
# environment
MAKELEVEL := 0
# default
MAKE = $(MAKE_COMMAND)
# environment
PATH = C:\Program Files\Microsoft\jdk-11.0.12.7-hotspot\bin;E:\VMware\VMware Workstation\bin\;C:\Program Files (x86)\Common Files\Intel\Shared Libraries\redist\intel64_win\compiler;C:\Program Files (x86)\Common Files\Intel\Shared Libraries\redist\intel64\compiler;C:\Users\Sandbox\AppData\Local\Programs\Python\Python39\Scripts\;C:\Users\Sandbox\AppData\Local\Programs\Python\Python39\;C:\Program Files\Eclipse Adoptium\jdk-17.0.2.8-hotspot\bin;C:\WINDOWS\system32;C:\WINDOWS;C:\WINDOWS\System32\Wbem;C:\WINDOWS\System32\WindowsPowerShell\v1.0\;C:\WINDOWS\System32\OpenSSH\;C:\Program Files\Microsoft SQL Server\130\Tools\Binn\;C:\Program Files\nodejs\;C:\ProgramData\chocolatey\bin;C:\Program Files\VideoLAN\VLC;C:\msys64\mingw64\bin;C:\kotlinc\bin;E:\Strawerry_Perl\c\bin;E:\Strawerry_Perl\perl\site\bin;E:\Strawerry_Perl\perl\bin;C:\Program Files\GitHub CLI\;C:\Program Files\Docker\Docker\resources\bin;C:\ProgramData\DockerDesktop\version-bin;C:\php;E:\tools\msys64\usr\bin;E:\v;C:\brainfuck;D:\PVR-DISK__E\cygwin\bin;F:\tools\ghc-9.2.3\bin;F:\maven\bin;C:\Program Files\Microsoft SQL Server\150\Tools\Binn\;C:\Program Files\Microsoft SQL Server\Client SDK\ODBC\170\Tools\Binn\;C:\Program Files\dotnet\;E:\Ruby31-x64\bin;C:\Users\Sandbox\AppData\Local\activestate\cache\bin;C:\Users\Sandbox\AppData\Local\ActiveState\StateTool\release;C:\Users\Sandbox\AppData\Local\Programs\Python\Python39\Scripts\;C:\Users\Sandbox\AppData\Local\Programs\Python\Python39\;C:\Users\Sandbox\AppData\Local\Programs\Python\Python39-32\Scripts\;C:\Users\Sandbox\AppData\Local\Programs\Python\Python39-32\;C:\Program Files\Java\jre1.8.0_301;C:\Users\Sandbox\AppData\Local\Programs\Microsoft VS Code\bin;C:\Users\Sandbox\AppData\Local\Programs\Git\cmd;C:\Users\Sandbox\AppData\Local\atom\bin;C:\Users\Sandbox\AppData\Roaming\npm;C:\Users\Sandbox\.dotnet\tools;E:\lua\5.1;E:\lua\5.1\clibs
# environment
COMPUTERNAME = DESKTOP-JIE7PIR
# default
MAKEFILES := 
# automatic
^F = $(notdir $^)
# environment
PROMPT = $P$G
# environment
LOGONSERVER = \\DESKTOP-JIE7PIR
# environment
USERNAME = Sandbox
# environment
COMMONPROGRAMFILES = C:\Program Files (x86)\Common Files
# automatic
?F = $(notdir $?)
# environment
PROGRAMW6432 = C:\Program Files
# environment
NO_PROXY = 127.0.0.1
# environment
PATHEXT = .COM;.EXE;.BAT;.CMD;.VBS;.VBE;.JS;.JSE;.WSF;.WSH;.MSC;.PY;.PYW;.RB;.RBW;.wlua;.lexe
# automatic
+F = $(notdir $+)
# environment
ORIGINAL_XDG_CURRENT_DESKTOP = undefined
# environment
MAVEN_HOME = F:\maven
# environment
USERDOMAIN = DESKTOP-JIE7PIR
# 'override' directive
GNUMAKEFLAGS := 
# environment
OS = Windows_NT
# environment
PLATFORMIO_PATH = C:\Users\Sandbox\.platformio\python3;C:\Program Files\Microsoft\jdk-11.0.12.7-hotspot\bin;E:\VMware\VMware Workstation\bin\;C:\Program Files (x86)\Common Files\Intel\Shared Libraries\redist\intel64_win\compiler;C:\Program Files (x86)\Common Files\Intel\Shared Libraries\redist\intel64\compiler;C:\Users\Sandbox\AppData\Local\Programs\Python\Python39\Scripts\;C:\Users\Sandbox\AppData\Local\Programs\Python\Python39\;C:\Program Files\Eclipse Adoptium\jdk-17.0.2.8-hotspot\bin;C:\WINDOWS\system32;C:\WINDOWS;C:\WINDOWS\System32\Wbem;C:\WINDOWS\System32\WindowsPowerShell\v1.0\;C:\WINDOWS\System32\OpenSSH\;C:\Program Files\Microsoft SQL Server\130\Tools\Binn\;C:\Program Files\nodejs\;C:\ProgramData\chocolatey\bin;C:\Program Files\VideoLAN\VLC;C:\msys64\mingw64\bin;C:\kotlinc\bin;E:\Strawerry_Perl\c\bin;E:\Strawerry_Perl\perl\site\bin;E:\Strawerry_Perl\perl\bin;C:\Program Files\GitHub CLI\;C:\Program Files\Docker\Docker\resources\bin;C:\ProgramData\DockerDesktop\version-bin;C:\php;E:\tools\msys64\usr\bin;E:\v;C:\brainfuck;D:\PVR-DISK__E\cygwin\bin;F:\tools\ghc-9.2.3\bin;F:\maven\bin;C:\Program Files\Microsoft SQL Server\150\Tools\Binn\;C:\Program Files\Microsoft SQL Server\Client SDK\ODBC\170\Tools\Binn\;C:\Program Files\dotnet\;E:\Ruby31-x64\bin;C:\Users\Sandbox\AppData\Local\activestate\cache\bin;C:\Users\Sandbox\AppData\Local\ActiveState\StateTool\release;C:\Users\Sandbox\AppData\Local\Programs\Python\Python39\Scripts\;C:\Users\Sandbox\AppData\Local\Programs\Python\Python39\;C:\Users\Sandbox\AppData\Local\Programs\Python\Python39-32\Scripts\;C:\Users\Sandbox\AppData\Local\Programs\Python\Python39-32\;C:\Program Files\Java\jre1.8.0_301;C:\Users\Sandbox\AppData\Local\Programs\Microsoft VS Code\bin;C:\Users\Sandbox\AppData\Local\Programs\Git\cmd;C:\Users\Sandbox\AppData\Local\atom\bin;C:\Users\Sandbox\AppData\Roaming\npm;C:\Users\Sandbox\.dotnet\tools;E:\lua\5.1;E:\lua\5.1\clibs;C:\Program Files\Microsoft\jdk-11.0.12.7-hotspot\bin;E:\VMware\VMware Workstation\bin\;C:\Program Files (x86)\Common Files\Intel\Shared Libraries\redist\intel64_win\compiler;C:\Program Files (x86)\Common Files\Intel\Shared Libraries\redist\intel64\compiler;C:\Users\Sandbox\AppData\Local\Programs\Python\Python39\Scripts\;C:\Users\Sandbox\AppData\Local\Programs\Python\Python39\;C:\Program Files\Eclipse Adoptium\jdk-17.0.2.8-hotspot\bin;C:\WINDOWS\system32;C:\WINDOWS;C:\WINDOWS\System32\Wbem;C:\WINDOWS\System32\WindowsPowerShell\v1.0\;C:\WINDOWS\System32\OpenSSH\;C:\Program Files\Microsoft SQL Server\130\Tools\Binn\;C:\Program Files\nodejs\;C:\ProgramData\chocolatey\bin;C:\Program Files\VideoLAN\VLC;C:\msys64\mingw64\bin;C:\kotlinc\bin;E:\Strawerry_Perl\c\bin;E:\Strawerry_Perl\perl\site\bin;E:\Strawerry_Perl\perl\bin;C:\Program Files\GitHub CLI\;C:\Program Files\Docker\Docker\resources\bin;C:\ProgramData\DockerDesktop\version-bin;C:\php;E:\tools\msys64\usr\bin;E:\v;C:\brainfuck;D:\PVR-DISK__E\cygwin\bin;F:\tools\ghc-9.2.3\bin;F:\maven\bin;C:\Program Files\Microsoft SQL Server\150\Tools\Binn\;C:\Program Files\Microsoft SQL Server\Client SDK\ODBC\170\Tools\Binn\;C:\Program Files\dotnet\;E:\Ruby31-x64\bin;C:\Users\Sandbox\AppData\Local\activestate\cache\bin;C:\Users\Sandbox\AppData\Local\ActiveState\StateTool\release;C:\Users\Sandbox\AppData\Local\Programs\Python\Python39\Scripts\;C:\Users\Sandbox\AppData\Local\Programs\Python\Python39\;C: 
\Users\Sandbox\AppData\Local\Programs\Python\Python39-32\Scripts\;C:\Users\Sandbox\AppData\Local\Programs\Python\Python39-32\;C:\Program Files\Java\jre1.8.0_301;C:\Users\Sandbox\AppData\Local\Programs\Microsoft VS Code\bin;C:\Users\Sandbox\AppData\Local\Programs\Git\cmd;C:\Users\Sandbox\AppData\Local\atom\bin;C:\Users\Sandbox\AppData\Roaming\npm;C:\Users\Sandbox\.dotnet\tools;E:\lua\5.1;E:\lua\5.1\clibs
# makefile
.DEFAULT_GOAL := 
# default
MAKE_VERSION := 4.3
# environment
PROGRAMFILES(X86) = C:\Program Files (x86)
# environment
USERDOMAIN_ROAMINGPROFILE = DESKTOP-JIE7PIR
# environment
NUMBER_OF_PROCESSORS = 12
# environment
PUBLIC = C:\Users\Public
# environment
APPDATA = C:\Users\Sandbox\AppData\Roaming
# environment
HOMEDRIVE = C:
# environment
PROCESSOR_ARCHITECTURE = x86
# environment
VSCODE_AMD_ENTRYPOINT = vs/workbench/api/node/extensionHostProcess
# environment
PLATFORMIO_IDE = 2.5.2
# environment
COMMONPROGRAMFILES(X86) = C:\Program Files (x86)\Common Files
# environment
ELECTRON_RUN_AS_NODE = 1
# environment
TEMP = C:\Users\Sandbox\AppData\Local\Temp
# environment
VSCODE_IPC_HOOK = \\.\pipe\ac41336ff9c28abaceb55003088fd5a3-1.70.1-main-sock
# default
.RECIPEPREFIX := 
# automatic
<F = $(notdir $<)
# default
SUFFIXES := 
# environment
ALLUSERSPROFILE = C:\ProgramData
# environment
SESSIONNAME = Console
# default
.FEATURES := target-specific order-only second-expansion else-if shortest-stem undefine oneshell nocomment grouped-target extra-prereqs archives jobserver output-sync load
# environment
PROCESSOR_REVISION = 0802
# environment
RG_UNIVERSE_FRAMEWORK_RESOURCEDIR = C:\Program Files\Red Giant\RGFX
# environment
PROCESSOR_IDENTIFIER = AMD64 Family 23 Model 8 Stepping 2, AuthenticAMD
# variable set hash-table stats:
# Load=103/1024=10%, Rehash=0, Collisions=10/126=8%

# Pattern-specific Variable Values

# No pattern-specific variable values.

# Directories

# . (key c:/Users/Sandbox/Desktop/stuff/PIO/ESP-8266--Home, mtime 1660178762): 12 files, no impossibilities.

# 12 files, no impossibilities in 1 directories.

# Implicit Rules

# No implicit rules.

# Files

# Not a target:
Makefile:
#  Implicit rule search has been done.
#  File does not exist.
#  File has been updated.
#  Failed to be updated.

# Not a target:
.DEFAULT:
#  Implicit rule search has not been done.
#  Modification time never checked.
#  File has not been updated.

# Not a target:
all:
#  Command line target.
#  Implicit rule search has been done.
#  File does not exist.
#  File has not been updated.

# Not a target:
makefile:
#  Implicit rule search has been done.
#  File does not exist.
#  File has been updated.
#  Failed to be updated.

# Not a target:
makefile.mak:
#  Implicit rule search has been done.
#  File does not exist.
#  File has been updated.
#  Failed to be updated.

# Not a target:
GNUmakefile:
#  Implicit rule search has been done.
#  File does not exist.
#  File has been updated.
#  Failed to be updated.

# files hash-table stats:
# Load=7/1024=1%, Rehash=0, Collisions=0/16=0%
# VPATH Search Paths

# No 'vpath' search paths.

# No general ('VPATH' variable) search path.

# strcache buffers: 1 (0) / strings = 19 / storage = 145 B / avg = 7 B
# current buf: size = 8174 B / used = 145 B / count = 19 / avg = 7 B

# strcache performance: lookups = 22 / hit rate = 13%
# hash-table stats:
# Load=19/8192=0%, Rehash=0, Collisions=0/22=0%
# Finished Make data base on Sun Aug 14 21:30:15 2022

 
